2023-08-10 22:20:09,569.app.INFO =============================================================
2023-08-10 22:20:09,569.app.INFO Today is 2023-08-10 at 10:20 PM
2023-08-10 22:20:09,569.app.INFO This file is running on: nt Windows 10
2023-08-10 22:20:09,570.app.INFO The Python version is: 3.9.0
2023-08-10 22:20:09,570.app.INFO The active environment path is:   C:\Users\Sudeep Potluri\AppData\Local\Programs\Python\Python39
2023-08-10 22:20:09,570.app.INFO The current working directory is: C:\Users\Sudeep Potluri\Documents\hari_stuff\cintel-05-live-updates
2023-08-10 22:20:09,570.app.INFO =============================================================
2023-08-10 22:20:11,203.app.INFO Starting server ...
2023-08-10 22:20:11,203.app.INFO Starting continuous updates ...
2023-08-10 22:20:12,929.app.INFO Calling continuous updates ...

2023-08-04 22:30:57,419.app.INFO =============================================================
2023-08-04 22:30:57,419.app.INFO Today is 2023-08-04 at 10:30 PM
2023-08-04 22:30:57,419.app.INFO This file is running on: nt Windows 10
2023-08-04 22:30:57,419.app.INFO The Python version is: 3.11.4
2023-08-04 22:30:57,419.app.INFO The active environment path is:   C:\Users\Harinya's Desktop\AppData\Local\Programs\Python\Python311
2023-08-04 22:30:57,419.app.INFO The current working directory is: C:\Users\Harinya's Desktop\Documents\HW\cintel-05-live-updates
2023-08-04 22:30:57,419.app.INFO =============================================================
2023-08-04 22:30:58,989.app.INFO Starting server ...
2023-08-04 22:30:58,989.app.INFO Starting continuous updates ...
2023-08-04 22:31:00,218.app.INFO Calling continuous updates ...
