2023-08-10 22:20:08,342.continuous_stock.INFO =============================================================
2023-08-10 22:20:08,343.continuous_stock.INFO Today is 2023-08-10 at 10:20 PM
2023-08-10 22:20:08,343.continuous_stock.INFO This file is running on: nt Windows 10
2023-08-10 22:20:08,343.continuous_stock.INFO The Python version is: 3.9.0
2023-08-10 22:20:08,343.continuous_stock.INFO The active environment path is:   C:\Users\Sudeep Potluri\AppData\Local\Programs\Python\Python39
2023-08-10 22:20:08,344.continuous_stock.INFO The current working directory is: C:\Users\Sudeep Potluri\Documents\hari_stuff\cintel-05-live-updates
2023-08-10 22:20:08,344.continuous_stock.INFO =============================================================
2023-08-10 22:20:12,937.continuous_stock.INFO Calling update_csv_stock
2023-08-10 22:20:12,937.continuous_stock.INFO update_interval: 60
2023-08-10 22:20:12,937.continuous_stock.INFO total_runtime: 900
2023-08-10 22:20:12,938.continuous_stock.INFO num_updates: 10
2023-08-10 22:20:12,938.continuous_stock.INFO Initialized csv file at C:\Users\Sudeep Potluri\Documents\hari_stuff\cintel-05-live-updates\data\mtcars_stock.csv
2023-08-10 22:20:12,938.continuous_stock.INFO Calling get_stick_price for TSLA
2023-08-10 22:20:12,939.continuous_stock.INFO Calling fetch_from_url for https://query1.finance.yahoo.com/v7/finance/options/TSLA
2023-08-10 22:20:12,939.continuous_stock.INFO Calling get_stick_price for GM
2023-08-10 22:20:12,939.continuous_stock.INFO Calling fetch_from_url for https://query1.finance.yahoo.com/v7/finance/options/GM
2023-08-10 22:20:12,939.continuous_stock.INFO Calling get_stick_price for TM
2023-08-10 22:20:12,940.continuous_stock.INFO Calling fetch_from_url for https://query1.finance.yahoo.com/v7/finance/options/TM
2023-08-10 22:20:12,940.continuous_stock.INFO Calling get_stick_price for F
2023-08-10 22:20:12,940.continuous_stock.INFO Calling fetch_from_url for https://query1.finance.yahoo.com/v7/finance/options/F
2023-08-10 22:20:12,940.continuous_stock.INFO Calling get_stick_price for HMC
2023-08-10 22:20:12,941.continuous_stock.INFO Calling fetch_from_url for https://query1.finance.yahoo.com/v7/finance/options/HMC
2023-08-10 22:20:12,942.continuous_stock.INFO Saving prices to C:\Users\Sudeep Potluri\Documents\hari_stuff\cintel-05-live-updates\data\mtcars_stock.csv
